[debug] [2025-05-23T15:19:54.230Z] ----------------------------------------------------------------------
[debug] [2025-05-23T15:19:54.233Z] Command:       C:\Program Files\nodejs\node.exe C:\Users\Hooman\AppData\Roaming\npm\node_modules\firebase-tools\lib\bin\firebase.js init
[debug] [2025-05-23T15:19:54.233Z] CLI Version:   14.2.2
[debug] [2025-05-23T15:19:54.233Z] Platform:      win32
[debug] [2025-05-23T15:19:54.233Z] Node Version:  v22.15.0
[debug] [2025-05-23T15:19:54.234Z] Time:          Fri May 23 2025 22:19:54 GMT+0700 (Western Indonesia Time)
[debug] [2025-05-23T15:19:54.234Z] ----------------------------------------------------------------------
[debug] 
[debug] [2025-05-23T15:19:54.444Z] Object "" in "firebase.json" has unknown property: {"additionalProperty":"rules"}
[debug] [2025-05-23T15:19:54.448Z] > command requires scopes: ["email","openid","https://www.googleapis.com/auth/cloudplatformprojects.readonly","https://www.googleapis.com/auth/firebase","https://www.googleapis.com/auth/cloud-platform"]
[debug] [2025-05-23T15:19:54.448Z] > authorizing via signed-in user (hoomanc721@gmail.com)
[debug] [2025-05-23T15:19:54.449Z] Object "" in "firebase.json" has unknown property: {"additionalProperty":"rules"}
[info] 
     ######## #### ########  ######## ########     ###     ######  ########
     ##        ##  ##     ## ##       ##     ##  ##   ##  ##       ##
     ######    ##  ########  ######   ########  #########  ######  ######
     ##        ##  ##    ##  ##       ##     ## ##     ##       ## ##
     ##       #### ##     ## ######## ########  ##     ##  ######  ########

You're about to initialize a Firebase project in this directory:

  C:\Users\Hooman\Downloads\Compressed\FishFeeder-main\Web Interface

Before we get started, keep in mind:

  * You are initializing within an existing Firebase project directory

[info] 
=== Project Setup
[info] 
[info] First, let's associate this project directory with a Firebase project.
[info] You can create multiple project aliases by running firebase use --add, 
[info] but for now we'll just set up a default project.
[info] 
[debug] [2025-05-23T15:20:44.370Z] Using project from CLI flag: fish-feeder-77527
[debug] [2025-05-23T15:20:44.371Z] Checked if tokens are valid: true, expires at: 1748016669004
[debug] [2025-05-23T15:20:44.371Z] Checked if tokens are valid: true, expires at: 1748016669004
[debug] [2025-05-23T15:20:44.372Z] >>> [apiv2][query] GET https://firebase.googleapis.com/v1beta1/projects/fish-feeder-77527 [none]
[debug] [2025-05-23T15:20:44.896Z] <<< [apiv2][status] GET https://firebase.googleapis.com/v1beta1/projects/fish-feeder-77527 200
[debug] [2025-05-23T15:20:44.896Z] <<< [apiv2][body] GET https://firebase.googleapis.com/v1beta1/projects/fish-feeder-77527 {"projectId":"fish-feeder-77527","projectNumber":"1055626248750","displayName":"Fish Feeder","name":"projects/fish-feeder-77527","resources":{"hostingSite":"fish-feeder-77527","realtimeDatabaseInstance":"fish-feeder-77527-default-rtdb"},"state":"ACTIVE","etag":"1_8c91d602-ca44-48ac-8bf5-a66e695848b9"}
[info] i  Using project fish-feeder-77527 (Fish Feeder) 
[info] 
=== Hosting Setup
[debug] [2025-05-23T15:20:44.901Z] Checked if tokens are valid: true, expires at: 1748016669004
[debug] [2025-05-23T15:20:44.901Z] Checked if tokens are valid: true, expires at: 1748016669004
[debug] [2025-05-23T15:20:44.901Z] >>> [apiv2][query] GET https://firebase.googleapis.com/v1beta1/projects/fish-feeder-77527 [none]
[debug] [2025-05-23T15:20:45.223Z] <<< [apiv2][status] GET https://firebase.googleapis.com/v1beta1/projects/fish-feeder-77527 200
[debug] [2025-05-23T15:20:45.223Z] <<< [apiv2][body] GET https://firebase.googleapis.com/v1beta1/projects/fish-feeder-77527 {"projectId":"fish-feeder-77527","projectNumber":"1055626248750","displayName":"Fish Feeder","name":"projects/fish-feeder-77527","resources":{"hostingSite":"fish-feeder-77527","realtimeDatabaseInstance":"fish-feeder-77527-default-rtdb"},"state":"ACTIVE","etag":"1_8c91d602-ca44-48ac-8bf5-a66e695848b9"}
[info] 
[info] Your public directory is the folder (relative to your project directory) that
[info] will contain Hosting assets to be uploaded with firebase deploy. If you
[info] have a build process for your assets, use your build's output directory.
[info] 
[debug] [2025-05-23T15:21:08.260Z] >>> [apiv2][query] GET https://www.gstatic.com/firebasejs/releases.json [none]
[debug] [2025-05-23T15:21:08.364Z] <<< [apiv2][status] GET https://www.gstatic.com/firebasejs/releases.json 200
[debug] [2025-05-23T15:21:08.364Z] <<< [apiv2][body] GET https://www.gstatic.com/firebasejs/releases.json {"current":{"version":"11.8.1","browserURL":"https://www.gstatic.com/firebasejs/11.8.1/firebase.js","packageURL":"https://www.gstatic.com/firebasejs/11.8.1/firebase.tgz"},"live":{"version":"11.8","browserURL":"https://www.gstatic.com/firebasejs/live/11.8/firebase.js","packageURL":"https://www.gstatic.com/firebasejs/live/11.8/firebase.tgz"},"components":{"ai":"https://www.gstatic.com/firebasejs/11.8.1/firebase-ai.js","analytics":"https://www.gstatic.com/firebasejs/11.8.1/firebase-analytics.js","app":"https://www.gstatic.com/firebasejs/11.8.1/firebase-app.js","app-check":"https://www.gstatic.com/firebasejs/11.8.1/firebase-app-check.js","auth":"https://www.gstatic.com/firebasejs/11.8.1/firebase-auth.js","auth/cordova":"https://www.gstatic.com/firebasejs/11.8.1/firebase-auth/cordova.js","auth/web-extension":"https://www.gstatic.com/firebasejs/11.8.1/firebase-auth/web-extension.js","functions":"https://www.gstatic.com/firebasejs/11.8.1/firebase-functions.js","firestore":"https://www.gstatic.com/firebasejs/11.8.1/firebase-firestore.js","firestore/lite":"https://www.gstatic.com/firebasejs/11.8.1/firebase-firestore/lite.js","installations":"https://www.gstatic.com/firebasejs/11.8.1/firebase-installations.js","storage":"https://www.gstatic.com/firebasejs/11.8.1/firebase-storage.js","performance":"https://www.gstatic.com/firebasejs/11.8.1/firebase-performance.js","remote-config":"https://www.gstatic.com/firebasejs/11.8.1/firebase-remote-config.js","messaging":"https://www.gstatic.com/firebasejs/11.8.1/firebase-messaging.js","messaging/sw":"https://www.gstatic.com/firebasejs/11.8.1/firebase-messaging/sw.js","database":"https://www.gstatic.com/firebasejs/11.8.1/firebase-database.js","vertexai":"https://www.gstatic.com/firebasejs/11.8.1/firebase-vertexai.js","data-connect":"https://www.gstatic.com/firebasejs/11.8.1/firebase-data-connect.js","firestore.memory":"https://www.gstatic.com/firebasejs/11.8.1/firebase-firestore.memory.js"}}
[info] i  Skipping write of public/index.html 
[info] 
[info] i  Didn't detect a .git folder. Assuming C:\Users\Hooman\Downloads\Compressed\FishFeeder-main\Web Interface is the project root. 
[info] i  Authorizing with GitHub to upload your service account to a GitHub repository's secrets store. 
[info] 
[info] Visit this URL on this device to log in:
[info] https://github.com/login/oauth/authorize?client_id=89cf50f02ac6aaed3484&state=119722764&redirect_uri=http%3A%2F%2Flocalhost%3A9005&scope=read%3Auser%20repo%20public_repo
[info] 
[info] Waiting for authentication...
[debug] [2025-05-23T15:22:56.703Z] >>> [apiv2][query] POST https://github.com/login/oauth/access_token [none]
[debug] [2025-05-23T15:22:56.703Z] >>> [apiv2][body] POST https://github.com/login/oauth/access_token [stream]
[debug] [2025-05-23T15:22:57.155Z] <<< [apiv2][status] POST https://github.com/login/oauth/access_token 200
[debug] [2025-05-23T15:22:57.156Z] <<< [apiv2][body] POST https://github.com/login/oauth/access_token {"access_token":"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","token_type":"bearer","scope":"read:user,repo"}
[debug] [2025-05-23T15:22:57.160Z] >>> [apiv2][query] GET https://api.github.com/user [none]
[debug] [2025-05-23T15:22:57.643Z] <<< [apiv2][status] GET https://api.github.com/user 200
[debug] [2025-05-23T15:22:57.643Z] <<< [apiv2][body] GET https://api.github.com/user {"login":"Surya72112","id":140815138,"node_id":"U_kgDOCGSrIg","avatar_url":"https://avatars.githubusercontent.com/u/140815138?v=4","gravatar_id":"","url":"https://api.github.com/users/Surya72112","html_url":"https://github.com/Surya72112","followers_url":"https://api.github.com/users/Surya72112/followers","following_url":"https://api.github.com/users/Surya72112/following{/other_user}","gists_url":"https://api.github.com/users/Surya72112/gists{/gist_id}","starred_url":"https://api.github.com/users/Surya72112/starred{/owner}{/repo}","subscriptions_url":"https://api.github.com/users/Surya72112/subscriptions","organizations_url":"https://api.github.com/users/Surya72112/orgs","repos_url":"https://api.github.com/users/Surya72112/repos","events_url":"https://api.github.com/users/Surya72112/events{/privacy}","received_events_url":"https://api.github.com/users/Surya72112/received_events","type":"User","user_view_type":"private","site_admin":false,"name":null,"company":null,"blog":"","location":null,"email":null,"hireable":null,"bio":null,"twitter_username":null,"notification_email":null,"public_repos":0,"public_gists":0,"followers":0,"following":0,"created_at":"2023-07-28T12:06:20Z","updated_at":"2025-05-23T15:22:42Z","private_gists":0,"total_private_repos":0,"owned_private_repos":0,"disk_usage":0,"collaborators":0,"two_factor_authentication":false,"plan":{"name":"free","space":976562499,"collaborators":0,"private_repos":10000}}
[info] 
[info] +  Success! Logged into GitHub as Surya72112 
[info] 
[debug] [2025-05-23T15:22:57.646Z] >>> [apiv2][query] GET https://api.github.com/repos//actions/secrets/public-key type=owner
[debug] [2025-05-23T15:22:57.953Z] <<< [apiv2][status] GET https://api.github.com/repos//actions/secrets/public-key 404
[debug] [2025-05-23T15:22:57.953Z] <<< [apiv2][body] GET https://api.github.com/repos//actions/secrets/public-key {"message":"Not Found","documentation_url":"https://docs.github.com/rest","status":"404"}
[info] 
[info] 
[error] !  The provided authorization cannot be used with this repository. If this repository is in an organization, did you remember to grant access? 
[info] 
[info] i  Action required: Visit this URL to ensure access has been granted to the appropriate organization(s) for the Firebase CLI GitHub OAuth App: 
[info] https://github.com/settings/connections/applications/89cf50f02ac6aaed3484
[info] 
